  enemy.cpp
c:\users\ecoff\source\repos\sporae mordem updated\sporae mordem updated\util.h(64): warning C4244: 'initializing': conversion from 'double' to 'float', possible loss of data
c:\users\ecoff\source\repos\sporae mordem updated\sporae mordem updated\util.h(65): warning C4244: 'initializing': conversion from 'double' to 'float', possible loss of data
c:\users\ecoff\source\repos\sporae mordem updated\sporae mordem updated\util.h(84): warning C4244: 'initializing': conversion from 'float' to 'int', possible loss of data
c:\users\ecoff\source\repos\sporae mordem updated\sporae mordem updated\util.h(85): warning C4244: 'initializing': conversion from 'float' to 'int', possible loss of data
c:\users\ecoff\source\repos\sporae mordem updated\sporae mordem updated\util.h(153): warning C4244: 'initializing': conversion from 'double' to 'int', possible loss of data
c:\users\ecoff\source\repos\sporae mordem updated\sporae mordem updated\util.h(154): warning C4244: 'initializing': conversion from 'double' to 'int', possible loss of data
c:\users\ecoff\source\repos\sporae mordem updated\sporae mordem updated\util.h(155): warning C4244: 'initializing': conversion from 'double' to 'int', possible loss of data
c:\users\ecoff\source\repos\sporae mordem updated\sporae mordem updated\enemy.cpp(20): warning C4244: 'initializing': conversion from 'double' to 'int', possible loss of data
c:\users\ecoff\source\repos\sporae mordem updated\sporae mordem updated\enemy.cpp(23): warning C4244: 'initializing': conversion from 'double' to 'int', possible loss of data
c:\users\ecoff\source\repos\sporae mordem updated\sporae mordem updated\enemy.cpp(34): warning C4244: 'initializing': conversion from 'double' to 'int', possible loss of data
c:\users\ecoff\source\repos\sporae mordem updated\sporae mordem updated\enemy.cpp(51): warning C4244: 'initializing': conversion from 'double' to 'int', possible loss of data
c:\users\ecoff\source\repos\sporae mordem updated\sporae mordem updated\enemy.cpp(64): warning C4244: 'initializing': conversion from 'double' to 'int', possible loss of data
c:\users\ecoff\source\repos\sporae mordem updated\sporae mordem updated\enemy.cpp(98): warning C4244: 'initializing': conversion from 'double' to 'float', possible loss of data
c:\users\ecoff\source\repos\sporae mordem updated\sporae mordem updated\enemy.cpp(107): warning C4838: conversion from 'float' to 'int' requires a narrowing conversion
c:\users\ecoff\source\repos\sporae mordem updated\sporae mordem updated\enemy.cpp(107): warning C4244: 'initializing': conversion from 'float' to 'int', possible loss of data
c:\users\ecoff\source\repos\sporae mordem updated\sporae mordem updated\enemy.cpp(114): warning C4244: 'initializing': conversion from 'double' to 'int', possible loss of data
c:\users\ecoff\source\repos\sporae mordem updated\sporae mordem updated\enemy.cpp(187): warning C4244: '=': conversion from 'double' to 'int', possible loss of data
c:\users\ecoff\source\repos\sporae mordem updated\sporae mordem updated\enemy.cpp(188): warning C4244: '=': conversion from 'double' to 'int', possible loss of data
c:\users\ecoff\source\repos\sporae mordem updated\sporae mordem updated\enemy.cpp(272): warning C4244: '=': conversion from 'double' to 'int', possible loss of data
c:\users\ecoff\source\repos\sporae mordem updated\sporae mordem updated\enemy.cpp(273): warning C4244: '=': conversion from 'double' to 'int', possible loss of data
c:\users\ecoff\source\repos\sporae mordem updated\sporae mordem updated\enemy.cpp(81): warning C4715: 'enemy::look': not all control paths return a value
  Sporae Mordem updated.vcxproj -> C:\Users\ecoff\source\repos\Sporae Mordem updated\Debug\Sporae Mordem updated.exe
